2019-06-13T16:43:40.502212 java.lang.Enum.hashCode called
2019-06-13T16:43:40.508625 java.lang.Enum.equals called
2019-06-13T16:43:58.926963 java.lang.Enum.ordinal called
2019-06-13T16:43:58.931824 java.lang.Enum.name called
2019-06-13T16:45:08.022805 java.util.Locale.convertOldISOCodes called
2019-06-13T16:46:57.680261 java.util.Locale.clone called
2019-06-13T16:46:57.681323 java.util.Locale.equals called
2019-06-13T16:47:15.238309 java.util.Locale.getCountry called
2019-06-13T16:48:00.094751 java.util.Locale.getExtensionKeys called
2019-06-13T16:48:16.457887 java.util.Locale.getLanguage called
2019-06-13T16:48:34.673925 java.util.Locale.getVariant called
2019-06-13T16:48:52.339652 java.util.Locale.hashCode called
2019-06-13T16:48:52.393772 java.util.Locale.toLanguageTag called
2019-06-13T16:49:36.116388 android.graphics.Rect.equals called
2019-06-13T16:49:54.193523 android.graphics.Rect.height called
2019-06-13T16:52:22.150040 java.lang.reflect.Method.equals called
2019-06-13T16:52:39.822979 java.lang.reflect.Method.getDeclaringClass called
2019-06-13T16:52:57.718587 java.lang.reflect.Method.getGenericReturnType called
2019-06-13T16:53:15.916544 java.lang.reflect.Method.getName called
2019-06-13T16:53:33.292511 java.lang.reflect.Method.getReturnType called
2019-06-13T16:54:04.841627 java.lang.reflect.Method.isVarArgs called
2019-06-13T16:54:22.981101 java.lang.Character.charCount called
2019-06-13T16:55:32.872585 java.lang.Character.getDirectionality called
2019-06-13T16:55:51.389612 java.lang.Character.getNumericValue called
2019-06-13T16:56:08.725285 java.lang.Character.getTypeImpl called
2019-06-13T16:56:52.682170 java.lang.Character.isHighSurrogate called
2019-06-13T16:56:52.983382 java.lang.Character.isDigitImpl called
2019-06-13T16:57:50.054563 java.lang.Character.isLetterImpl called
2019-06-13T16:58:07.937661 java.lang.Character.isLetterOrDigitImpl called
2019-06-13T16:59:30.997213 java.lang.Character.isUpperCaseImpl called
2019-06-13T16:59:49.514294 java.lang.Character.isWhitespace called
2019-06-13T17:00:32.491592 java.lang.Character.toLowerCase called
2019-06-13T17:01:04.511943 java.lang.Character.toUpperCase called
2019-06-13T17:03:58.841599 java.io.File.canRead called
2019-06-13T17:04:16.050157 java.io.File.delete called
2019-06-13T17:04:16.174095 java.io.File.compareTo called
2019-06-13T17:04:33.939034 java.io.File.exists called
2019-06-13T17:04:34.115497 java.io.File.equals called
2019-06-13T17:04:52.127064 java.io.File.getAbsolutePath called
2019-06-13T17:05:10.579307 java.io.File.getPath called
2019-06-13T17:05:27.575238 java.io.File.hashCode called
2019-06-13T17:05:27.685605 java.io.File.getPrefixLength called
2019-06-13T17:05:45.721914 java.io.File.isDirectory called
2019-06-13T17:06:29.937484 java.io.File.mkdir called
2019-06-13T17:06:31.148531 java.io.File.renameTo called
2019-06-13T17:07:14.143621 java.io.File.toString called
2019-06-13T17:08:37.536485 java.lang.String.valueOf called
2019-06-13T17:09:08.390268 java.lang.String.codePointAt called
2019-06-13T17:09:26.209639 java.lang.String.compareTo called
2019-06-13T17:09:43.756803 java.lang.String.contains called
2019-06-13T17:09:44.005776 java.lang.String.endsWith called
2019-06-13T17:10:15.122427 java.lang.String.getBytes called
2019-06-13T17:11:00.080419 java.lang.String.lastIndexOf called
2019-06-13T17:12:10.380232 java.lang.String.toCharArray called
2019-06-13T17:13:47.280566 dalvik.system.DexPathList$NativeLibraryElement.findNativeLibrary called
2019-06-13T17:14:04.833257 dalvik.system.DexPathList$NativeLibraryElement.maybeInit called
2019-06-13T17:20:05.947682 java.lang.ThreadGroup.addUnstarted called
2019-06-13T17:20:06.308463 java.lang.ThreadGroup.add called
2019-06-13T17:21:29.955323 java.lang.ThreadGroup.threadTerminated called
2019-06-13T17:22:41.745885 sun.security.util.ObjectIdentifier.equals called
2019-06-13T17:23:00.299038 sun.security.util.ObjectIdentifier.hashCode called
2019-06-13T17:23:00.301452 sun.security.util.ObjectIdentifier.toString called
2019-06-13T17:23:58.872231 java.util.Hashtable$HashtableEntry.clone called
2019-06-13T17:24:16.903654 java.util.Hashtable$HashtableEntry.getKey called
2019-06-13T17:28:43.585112 java.lang.Thread.currentThread called
2019-06-13T17:29:40.512747 java.lang.Thread.nextThreadID called
2019-06-13T17:30:00.399818 java.lang.Thread.nextThreadNum called
2019-06-13T17:30:43.318854 java.lang.Thread.getContextClassLoader called
2019-06-13T17:30:43.906674 java.lang.Thread.getId called
2019-06-13T17:31:01.305205 java.lang.Thread.getState called
2019-06-13T17:31:19.929061 java.lang.Thread.isAlive called
2019-06-13T17:31:50.001524 java.lang.Thread.parkFor$ called
2019-06-13T17:32:06.883509 java.lang.Thread.setName called
2019-06-13T17:32:26.925524 java.lang.Thread.start called
2019-06-13T17:32:43.626404 java.lang.Thread.unpark$ called
2019-06-13T17:35:01.757558 java.lang.Class.getInnerClassFlags called
2019-06-13T17:35:19.380207 java.lang.Class.getPublicFieldRecursive called
2019-06-13T17:36:17.961346 java.lang.Class.getCanonicalName called
2019-06-13T17:36:35.681159 java.lang.Class.getClassLoader called
2019-06-13T17:37:20.831482 java.lang.Class.getDeclaredMethodsUnchecked called
2019-06-13T17:37:37.454147 java.lang.Class.getEnclosingClass called
2019-06-13T17:37:37.456227 java.lang.Class.getDeclaringClass called
2019-06-13T17:38:22.709949 java.lang.Class.getName called
2019-06-13T17:38:22.739321 java.lang.Class.getModifiers called
2019-06-13T17:38:53.586921 java.lang.Class.getSimpleName called
2019-06-13T17:38:53.590476 java.lang.Class.getSuperclass called
2019-06-13T17:39:37.541906 java.lang.Class.isInstance called
2019-06-13T17:39:38.645349 java.lang.Class.isInterface called
2019-06-13T17:40:49.472430 java.util.HashMap$Node.getKey called
2019-06-13T17:41:06.357318 java.util.HashMap$Node.getValue called
2019-06-13T17:46:58.583693 java.lang.Object.identityHashCodeNative called
2019-06-13T17:46:58.589761 java.lang.Object.internalClone called
2019-06-13T17:46:58.630266 java.lang.StackTraceElement.toString called
2019-06-13T17:47:15.452960 java.lang.Object.equals called
2019-06-13T17:47:15.474047 java.lang.Object.getClass called
2019-06-13T17:47:32.991746 java.lang.Object.hashCode called
2019-06-13T17:47:33.085557 java.lang.Object.notifyAll called
2019-06-13T17:48:19.853451 java.security.Provider.checkInitialized called
2019-06-13T17:48:19.876681 java.security.Provider.ensureLegacyParsed called
2019-06-13T17:50:12.117614 java.security.Provider.getName called
2019-06-13T17:52:55.861250 android.text.TextLine.isLineEndSpace called
2019-06-13T17:53:13.251421 android.text.TextLine.obtain called
2019-06-13T17:53:43.866794 android.text.TextLine.metrics called
2019-06-13T18:04:41.832031 java.lang.Long.toString called
2019-06-13T18:05:13.413993 java.lang.Long.valueOf called
2019-06-13T18:07:43.977199 sun.security.jca.ProviderConfig.getProvider called
2019-06-13T18:11:34.091092 java.lang.Byte.byteValue called
2019-06-13T18:13:26.698446 java.lang.reflect.Constructor.getDeclaringClass called
2019-06-13T18:14:38.812836 java.util.WeakHashMap$Entry.getKey called
2019-06-13T18:16:01.118634 java.lang.Class.getNameNative called
2019-06-13T18:16:45.729555 java.lang.Class.desiredAssertionStatus called
2019-06-13T18:19:30.171751 java.lang.Class.isAnonymousClass called
2019-06-13T18:21:48.410873 android.os.Parcel.nativeCreate called
2019-06-13T18:22:19.123702 android.os.Parcel.nativeFreeBuffer called
2019-06-13T18:23:04.391778 android.os.Parcel.nativeReadStrongBinder called
2019-06-13T18:23:04.398129 android.os.Parcel.nativeReadString called
2019-06-13T18:25:51.646120 android.os.Parcel.enforceInterface called
2019-06-13T18:28:36.902886 android.os.Parcel.readParcelableCreator called
2019-06-13T18:29:21.561474 android.os.Parcel.readString called
2019-06-13T18:29:38.691454 android.os.Parcel.readStrongBinder called
2019-06-13T18:30:10.345259 android.os.Parcel.recycle called
2019-06-13T18:30:10.437403 android.os.Parcel.readValue called
2019-06-13T18:30:27.424297 android.os.Parcel.setDataPosition called
2019-06-13T18:32:20.606431 android.os.Parcel.writeLong called
2019-06-13T18:33:19.308435 android.os.Parcel.writeString called
2019-06-13T18:38:05.237831 java.lang.String.startsWith called
2019-06-13T18:38:36.996008 java.lang.String.toString called
2019-06-13T18:40:41.059206 java.lang.Integer.toString called
2019-06-13T18:41:26.547616 java.lang.Integer.equals called
2019-06-13T18:41:27.007370 java.lang.Integer.doubleValue called
2019-06-13T18:41:43.204012 java.lang.Integer.intValue called
2019-06-13T18:41:45.675412 java.lang.Integer.longValue called
2019-06-13T18:43:21.376477 java.lang.Throwable.nativeFillInStackTrace called
2019-06-13T18:43:52.720420 java.lang.Throwable.fillInStackTrace called
2019-06-13T18:44:10.920634 java.lang.Throwable.getMessage called
2019-06-13T18:44:42.180648 java.lang.Throwable.toString called
2019-06-13T18:50:04.445981 java.math.BigInteger.bitLength called
2019-06-13T18:50:35.364006 java.math.BigInteger.equals called
2019-06-13T18:50:54.301344 java.math.BigInteger.getBigInt called
2019-06-13T18:51:13.645612 java.math.BigInteger.hashCode called
2019-06-13T18:51:56.529696 java.math.BigInteger.prepareJavaRepresentation called
2019-06-13T18:54:27.411945 android.graphics.ColorSpace.get called
2019-06-13T19:05:06.030158 android.content.res.StringBlock.get called
2019-06-13T19:15:00.736383 android.content.res.XmlBlock.nativeGetName called
2019-06-13T19:15:00.738857 android.content.res.XmlBlock.nativeGetLineNumber called
2019-06-13T19:15:17.519571 android.content.res.XmlBlock.nativeGetStringBlock called
2019-06-13T19:15:35.522872 android.content.res.XmlBlock.close called
2019-06-13T19:15:35.524005 android.content.res.XmlBlock.newParser called
2019-06-13T19:16:50.746872 android.icu.util.ULocale.base called
2019-06-13T19:19:51.297696 android.icu.util.ULocale.getName called
2019-06-13T19:20:07.593720 android.icu.util.ULocale.getShortestSubtagLength called
2019-06-13T19:24:12.710619 java.io.FileDescriptor.isSocket called
2019-06-13T19:24:12.745932 java.io.FileDescriptor.isSocket$ called
2019-06-13T19:24:30.566376 java.io.FileDescriptor.valid called
2019-06-13T19:25:18.055556 android.util.LongSparseArray.gc called
2019-06-13T19:25:35.492805 android.util.LongSparseArray.get called
2019-06-13T19:25:36.961213 android.util.LongSparseArray.delete called
2019-06-13T19:26:21.189349 android.util.LongSparseArray.size called
2019-06-13T19:33:35.787776 android.graphics.Bitmap.nativeGetAllocationByteCount called
2019-06-13T19:34:21.901664 android.graphics.Bitmap.nativeRowBytes called
2019-06-13T19:36:01.259010 android.graphics.Bitmap.getHeight called
2019-06-13T19:36:46.677581 android.graphics.Bitmap.getWidth called
2019-06-13T19:39:30.817781 android.graphics.drawable.Drawable.getCallback called
2019-06-13T19:39:51.037983 android.graphics.drawable.Drawable.getCurrent called
2019-06-13T19:40:08.414258 android.graphics.drawable.Drawable.getIntrinsicWidth called
2019-06-13T19:40:08.415530 android.graphics.drawable.Drawable.getIntrinsicHeight called
2019-06-13T19:40:08.549920 android.graphics.drawable.Drawable.getDirtyBounds called
2019-06-13T19:40:24.671136 android.graphics.drawable.Drawable.getLayoutDirection called
2019-06-13T19:40:25.541107 android.graphics.drawable.Drawable.getMinimumWidth called
2019-06-13T19:40:25.541630 android.graphics.drawable.Drawable.getMinimumHeight called
2019-06-13T19:40:43.960009 android.graphics.drawable.Drawable.getPadding called
2019-06-13T19:41:02.312780 android.graphics.drawable.Drawable.getState called
2019-06-13T19:41:20.657876 android.graphics.drawable.Drawable.invalidateSelf called
2019-06-13T19:41:39.568706 android.graphics.drawable.Drawable.isProjected called
2019-06-13T19:41:40.991570 android.graphics.drawable.Drawable.isStateful called
2019-06-13T19:41:57.467766 android.graphics.drawable.Drawable.jumpToCurrentState called
2019-06-13T19:41:57.621687 android.graphics.drawable.Drawable.onBoundsChange called
2019-06-13T19:42:29.814925 android.graphics.drawable.Drawable.setAutoMirrored called
2019-06-13T19:42:47.554868 android.graphics.drawable.Drawable.setChangingConfigurations called
2019-06-13T19:43:21.114637 android.graphics.drawable.Drawable.setLevel called
2019-06-13T19:44:32.029533 java.lang.Boolean.valueOf called
2019-06-13T19:45:17.248189 android.icu.impl.CacheValue.isNull called
2019-06-13T19:51:26.795501 android.net.Network.getNetworkHandle called
2019-06-13T19:51:26.800796 android.net.Network.equals called
2019-06-13T19:54:54.479618 sun.security.util.DerValue.isPrintableStringChar called
2019-06-13T19:57:01.014555 sun.security.util.DerValue.length called
2019-06-13T19:57:01.019874 sun.security.util.DerValue.resetTag called
2019-06-13T20:00:29.356001 android.content.Intent.getAction called
2019-06-13T20:01:54.631322 android.content.Intent.getExtras called
2019-06-13T20:03:46.499889 android.content.Intent.prepareToEnterProcess called
2019-06-13T20:06:32.575602 android.content.Intent.setAllowFds called
2019-06-13T20:06:32.581318 android.content.Intent.setAction called
2019-06-13T20:07:17.713511 android.content.Intent.setDefusable called
2019-06-13T20:07:18.911591 android.content.Intent.setExtrasClassLoader called
2019-06-13T20:10:19.509270 android.widget.TextView.applyCompoundDrawableTint called
2019-06-13T20:10:37.172921 android.widget.TextView.bringTextIntoView called
2019-06-13T20:10:38.972080 android.widget.TextView.checkForRelayout called
2019-06-13T20:11:08.882075 android.widget.TextView.desired called
2019-06-13T20:11:41.351447 android.widget.TextView.getBoxHeight called
2019-06-13T20:12:53.782183 android.widget.TextView.isShowingHint called
2019-06-13T20:12:54.139095 android.widget.TextView.nullLayouts called
2019-06-13T20:14:33.805842 android.widget.TextView.shouldAdvanceFocusOnEnter called
2019-06-13T20:14:51.830461 android.widget.TextView.stopMarquee called
2019-06-13T20:15:50.820838 android.widget.TextView.bringPointIntoView called
2019-06-13T20:16:37.328565 android.widget.TextView.computeScroll called
2019-06-13T20:17:22.727114 android.widget.TextView.endBatchEdit called
2019-06-13T20:18:07.830969 android.widget.TextView.getAutofillType called
2019-06-13T20:18:07.857885 android.widget.TextView.getBaseline called
2019-06-13T20:18:25.906124 android.widget.TextView.getBaselineOffset called
2019-06-13T20:18:58.115624 android.widget.TextView.getCompoundPaddingBottom called
2019-06-13T20:18:58.128690 android.widget.TextView.getCompoundPaddingLeft called
2019-06-13T20:18:58.129612 android.widget.TextView.getCompoundPaddingRight called
2019-06-13T20:19:15.190038 android.widget.TextView.getCompoundPaddingTop called
2019-06-13T20:19:35.473146 android.widget.TextView.getDefaultMovementMethod called
2019-06-13T20:19:35.475883 android.widget.TextView.getDefaultEditable called
2019-06-13T20:19:53.142582 android.widget.TextView.getEditableText called
2019-06-13T20:20:11.717900 android.widget.TextView.getExtendedPaddingTop called
2019-06-13T20:20:11.722429 android.widget.TextView.getExtendedPaddingBottom called
2019-06-13T20:20:30.590282 android.widget.TextView.getFocusedRect called
2019-06-13T20:21:02.255626 android.widget.TextView.getHorizontalOffsetForDrawables called
2019-06-13T20:21:34.054135 android.widget.TextView.getInputType called
2019-06-13T20:21:52.301990 android.widget.TextView.getKeyListener called
2019-06-13T20:23:57.766218 android.widget.TextView.getSelectionStart called
2019-06-13T20:23:57.766430 android.widget.TextView.getSelectionEnd called
2019-06-13T20:24:16.515791 android.widget.TextView.getSpellCheckerLocale called
2019-06-13T20:24:35.435367 android.widget.TextView.getText called
2019-06-13T20:25:46.949857 android.widget.TextView.getVerticalOffset called
2019-06-13T20:26:19.150285 android.widget.TextView.hasSelection called
2019-06-13T20:26:37.354782 android.widget.TextView.invalidateDrawable called
2019-06-13T20:26:56.224291 android.widget.TextView.isInExtractedMode called
2019-06-13T20:27:28.249749 android.widget.TextView.isTextEditable called
2019-06-13T20:27:28.253425 android.widget.TextView.isTextSelectable called
2019-06-13T20:27:28.352144 android.widget.TextView.jumpDrawablesToCurrentState called
2019-06-13T20:28:00.267776 android.widget.TextView.onCheckIsTextEditor called
2019-06-13T20:28:00.296913 android.widget.TextView.onAttachedToWindow called
2019-06-13T20:28:18.250198 android.widget.TextView.onCreateDrawableState called
2019-06-13T20:28:37.418752 android.widget.TextView.onCreateInputConnection called
2019-06-13T20:28:37.745024 android.widget.TextView.onDraw called
2019-06-13T20:28:38.543738 android.widget.TextView.onDetachedFromWindowInternal called
2019-06-13T20:28:56.179480 android.widget.TextView.onEndBatchEdit called
2019-06-13T20:29:41.387187 android.widget.TextView.onLocaleChanged called
2019-06-13T20:30:54.376680 android.widget.TextView.onWindowFocusChanged called
2019-06-13T20:31:13.029696 android.widget.TextView.removeAdjacentSuggestionSpans called
2019-06-13T20:31:13.045314 android.widget.TextView.removeMisspelledSpans called
2019-06-13T20:31:13.477360 android.widget.TextView.removeSuggestionSpans called
2019-06-13T20:31:43.547182 android.widget.TextView.sendAccessibilityEventInternal called
2019-06-13T20:32:29.711474 android.widget.TextView.setCompoundDrawablePadding called
2019-06-13T20:33:15.485660 android.widget.TextView.setElegantTextHeight called
2019-06-13T20:34:14.701723 android.widget.TextView.setHighlightColor called
2019-06-13T20:34:32.555578 android.widget.TextView.setHorizontallyScrolling called
2019-06-13T20:34:32.580837 android.widget.TextView.setHintTextColor called
2019-06-13T20:35:17.734664 android.widget.TextView.setLetterSpacing called
2019-06-13T20:35:36.603625 android.widget.TextView.setLinkTextColor called
2019-06-13T20:35:55.140816 android.widget.TextView.setMaxWidth called
2019-06-13T20:36:14.357454 android.widget.TextView.setMinWidth called
2019-06-13T20:36:14.358107 android.widget.TextView.setMinHeight called
2019-06-13T20:37:54.213132 android.widget.TextView.setTextColor called
2019-06-13T20:39:04.707904 android.widget.TextView.verifyDrawable called
2019-06-13T20:39:04.719289 android.widget.TextView.viewportToContentHorizontalOffset called
2019-06-13T20:39:23.674803 android.widget.TextView.viewportToContentVerticalOffset called
2019-06-13T20:42:52.071873 android.view.View.applyBackgroundTint called
2019-06-13T20:43:51.188668 android.view.View.drawDefaultFocusHighlight called
2019-06-13T20:44:50.352431 android.view.View.getFocusableAttribute called
2019-06-13T20:46:28.184753 android.view.View.notifyEnterOrExitForAutoFillIfNeeded called
2019-06-13T20:46:30.322020 android.view.View.onDrawScrollIndicators called
2019-06-13T20:47:00.322547 android.view.View.rebuildOutline called
2019-06-13T20:47:00.350258 android.view.View.registerPendingFrameMetricsObservers called
2019-06-13T20:49:33.855190 android.view.View.animate called
2019-06-13T20:50:32.120425 android.view.View.canHaveDisplayList called
2019-06-13T20:51:03.831223 android.view.View.checkInputConnectionProxy called
2019-06-13T20:51:22.048225 android.view.View.clearAccessibilityFocus called
2019-06-13T20:51:53.783590 android.view.View.computeOpaqueFlags called
2019-06-13T20:52:12.660423 android.view.View.computeScroll called
2019-06-13T20:52:58.566385 android.view.View.destroyDrawingCache called
2019-06-13T20:52:58.657868 android.view.View.debugDraw called
2019-06-13T20:53:44.314781 android.view.View.dispatchDraw called
2019-06-13T20:56:03.535978 android.view.View.dispatchWindowFocusChanged called
2019-06-13T20:56:04.064655 android.view.View.draw called
2019-06-13T20:56:35.669457 android.view.View.ensureTransformationInfo called
2019-06-13T20:57:07.238118 android.view.View.findViewById called
2019-06-13T20:57:51.964600 android.view.View.gatherTransparentRegion called
2019-06-13T20:57:52.096780 android.view.View.focusSearch called
2019-06-13T20:58:36.980249 android.view.View.getAnimation called
2019-06-13T20:58:37.091747 android.view.View.getAlpha called
2019-06-13T20:58:54.492048 android.view.View.getAutofillType called
2019-06-13T20:59:13.058165 android.view.View.getBackground called
2019-06-13T20:59:13.130505 android.view.View.getAutofillViewId called
2019-06-13T20:59:32.333987 android.view.View.getBaseline called
2019-06-13T21:00:16.900088 android.view.View.getContext called
2019-06-13T21:00:35.271238 android.view.View.getDrawableState called
2019-06-13T21:00:53.223112 android.view.View.getDrawingRect called
2019-06-13T21:00:53.963264 android.view.View.getElevation called
2019-06-13T21:00:55.208507 android.view.View.getDrawingTime called
2019-06-13T21:01:25.325067 android.view.View.getForeground called
2019-06-13T21:01:27.098002 android.view.View.getFocusable called
2019-06-13T21:02:24.116010 android.view.View.getImportantForAutofill called
2019-06-13T21:02:25.290631 android.view.View.getId called
2019-06-13T21:02:25.943491 android.view.View.getImportantForAccessibility called
2019-06-13T21:02:56.179977 android.view.View.getLayoutDirection called
2019-06-13T21:03:02.916975 android.view.View.getLayerType called
2019-06-13T21:03:15.087688 android.view.View.getLayoutParams called
2019-06-13T21:03:32.426362 android.view.View.getListenerInfo called
2019-06-13T21:04:03.721284 android.view.View.getMeasuredWidth called
2019-06-13T21:04:49.425613 android.view.View.getOutsets called
2019-06-13T21:05:08.540018 android.view.View.getPaddingBottom called
2019-06-13T21:05:27.065177 android.view.View.getPaddingLeft called
2019-06-13T21:05:27.066241 android.view.View.getPaddingRight called
2019-06-13T21:05:27.067236 android.view.View.getPaddingTop called
2019-06-13T21:05:45.147826 android.view.View.getParent called
2019-06-13T21:06:01.583919 android.view.View.getRawLayoutDirection called
2019-06-13T21:06:01.718660 android.view.View.getRawTextDirection called
2019-06-13T21:06:01.739998 android.view.View.getRawTextAlignment called
2019-06-13T21:06:21.005483 android.view.View.getResources called
2019-06-13T21:06:38.058780 android.view.View.getRootView called
2019-06-13T21:07:37.112815 android.view.View.getSuggestedMinimumWidth called
2019-06-13T21:07:37.113504 android.view.View.getSuggestedMinimumHeight called
2019-06-13T21:08:09.015732 android.view.View.getTextDirection called
2019-06-13T21:08:41.969373 android.view.View.getTransitionAlpha called
2019-06-13T21:09:00.456818 android.view.View.getTranslationY called
2019-06-13T21:09:00.522229 android.view.View.getTranslationZ called
2019-06-13T21:09:18.146540 android.view.View.getViewRootImpl called
2019-06-13T21:09:34.970343 android.view.View.getVisibility called
2019-06-13T21:09:34.971619 android.view.View.getViewTreeObserver called
2019-06-13T21:09:52.414419 android.view.View.getWindowSystemUiVisibility called
2019-06-13T21:10:12.604813 android.view.View.getWindowVisibility called
2019-06-13T21:10:12.670955 android.view.View.getWindowVisibleDisplayFrame called
2019-06-13T21:10:12.753330 android.view.View.getWindowToken called
2019-06-13T21:10:31.358873 android.view.View.getZ called
2019-06-13T21:10:50.100212 android.view.View.hasFocus called
2019-06-13T21:10:50.102849 android.view.View.hasDefaultFocus called
2019-06-13T21:11:22.334913 android.view.View.hasOverlappingRendering called
2019-06-13T21:11:40.022699 android.view.View.hasWindowFocus called
2019-06-13T21:11:41.778629 android.view.View.hasTransientState called
2019-06-13T21:11:59.619544 android.view.View.includeForAccessibility called
2019-06-13T21:13:24.977536 android.view.View.isAttachedToWindow called
2019-06-13T21:13:25.910667 android.view.View.isClickable called
2019-06-13T21:13:26.029548 android.view.View.isAutofilled called
2019-06-13T21:13:57.212796 android.view.View.isEnabled called
2019-06-13T21:14:15.395961 android.view.View.isFocused called
2019-06-13T21:14:15.397557 android.view.View.isForegroundInsidePadding called
2019-06-13T21:14:33.997551 android.view.View.isHorizontalScrollBarEnabled called
2019-06-13T21:14:34.667970 android.view.View.isHardwareAccelerated called
2019-06-13T21:14:34.979295 android.view.View.isHorizontalFadingEdgeEnabled called
2019-06-13T21:14:52.237389 android.view.View.isImportantForAutofill called
2019-06-13T21:14:53.281867 android.view.View.isInEditMode called
2019-06-13T21:15:10.982862 android.view.View.isInTouchMode called
2019-06-13T21:15:29.181996 android.view.View.isLaidOut called
2019-06-13T21:15:29.183662 android.view.View.isLayoutDirectionInherited called
2019-06-13T21:15:29.191769 android.view.View.isLayoutDirectionResolved called
2019-06-13T21:15:29.362316 android.view.View.isLayoutRequested called
2019-06-13T21:15:46.746533 android.view.View.isLayoutRtl called
2019-06-13T21:15:50.759957 android.view.View.isLongClickable called
2019-06-13T21:16:19.709567 android.view.View.isPaddingResolved called
2019-06-13T21:16:25.264275 android.view.View.isRootNamespace called
2019-06-13T21:16:25.892303 android.view.View.isPressed called
2019-06-13T21:16:51.172525 android.view.View.isShown called
2019-06-13T21:16:51.207245 android.view.View.isTextAlignmentInherited called
2019-06-13T21:17:09.563375 android.view.View.isTextDirectionInherited called
2019-06-13T21:17:09.564491 android.view.View.isTextDirectionResolved called
2019-06-13T21:17:09.570821 android.view.View.isTextAlignmentResolved called
2019-06-13T21:17:27.947571 android.view.View.isVerticalScrollBarEnabled called
2019-06-13T21:17:46.961842 android.view.View.jumpDrawablesToCurrentState called
2019-06-13T21:18:18.333687 android.view.View.notifySubtreeAccessibilityStateChangedIfNeeded called
2019-06-13T21:18:18.341953 android.view.View.offsetTopAndBottom called
2019-06-13T21:18:18.343714 android.view.View.offsetLeftAndRight called
2019-06-13T21:18:19.418595 android.view.View.notifyViewAccessibilityStateChangedIfNeeded called
2019-06-13T21:18:50.646195 android.view.View.onAttachedToWindow called
2019-06-13T21:19:08.823724 android.view.View.onCreateDrawableState called
2019-06-13T21:19:41.370913 android.view.View.onDrawForeground called
2019-06-13T21:19:41.373645 android.view.View.onDraw called
2019-06-13T21:20:00.076009 android.view.View.onDrawScrollBars called
2019-06-13T21:22:19.230670 android.view.View.onVisibilityAggregated called
2019-06-13T21:24:25.159889 android.view.View.removeCallbacks called
2019-06-13T21:25:37.979931 android.view.View.resetResolvedLayoutDirection called
2019-06-13T21:25:37.990160 android.view.View.resetResolvedPaddingInternal called
2019-06-13T21:25:37.998324 android.view.View.resetResolvedPadding called
2019-06-13T21:25:38.017261 android.view.View.resetResolvedDrawablesInternal called
2019-06-13T21:25:56.227772 android.view.View.resetRtlProperties called
2019-06-13T21:25:56.231493 android.view.View.resetSubtreeAccessibilityStateChanged called
2019-06-13T21:26:14.828938 android.view.View.resolveLayoutDirection called
2019-06-13T21:26:14.829240 android.view.View.resolveLayoutParams called
2019-06-13T21:26:14.847550 android.view.View.resolveDrawables called
2019-06-13T21:26:14.873596 android.view.View.resolvePadding called
2019-06-13T21:26:32.206607 android.view.View.resolveRtlPropertiesIfNeeded called
2019-06-13T21:27:18.114594 android.view.View.sendAccessibilityEvent called
2019-06-13T21:27:51.372790 android.view.View.setAlpha called
2019-06-13T21:28:23.515355 android.view.View.setBackgroundColor called
2019-06-13T21:28:23.796554 android.view.View.setBackground called
2019-06-13T21:28:23.897526 android.view.View.setBackgroundBounds called
2019-06-13T21:28:41.503787 android.view.View.setBackgroundDrawable called
2019-06-13T21:28:43.145406 android.view.View.setBackgroundResource called
2019-06-13T21:29:00.447271 android.view.View.setClickable called
2019-06-13T21:29:32.706959 android.view.View.setDisplayListProperties called
2019-06-13T21:31:11.900594 android.view.View.setImportantForAutofill called
2019-06-13T21:31:11.901500 android.view.View.setImportantForAccessibility called
2019-06-13T21:31:43.263984 android.view.View.setLayoutDirection called
2019-06-13T21:31:43.999650 android.view.View.setLayoutParams called
2019-06-13T21:32:00.348995 android.view.View.setLongClickable called
2019-06-13T21:32:46.549980 android.view.View.setOnClickListener called
2019-06-13T21:33:31.695502 android.view.View.setOverScrollMode called
2019-06-13T21:33:31.966974 android.view.View.setOnTouchListener called
2019-06-13T21:36:05.286447 android.view.View.setTranslationY called
2019-06-13T21:36:37.998267 android.view.View.setVisibility called
2019-06-13T21:36:55.443219 android.view.View.shouldDrawRoundScrollbar called
2019-06-13T21:37:42.864649 android.view.View.stopNestedScroll called
2019-06-13T21:37:59.945879 android.view.View.toString called
2019-06-13T21:38:21.136547 android.view.View.unscheduleDrawable called
2019-06-13T21:38:36.917858 android.view.View.updateDisplayListIfDirty called
2019-06-13T21:39:07.112078 java.util.Formatter$Flags.parse called
2019-06-13T21:41:13.458868 java.net.InetAddress.parseNumericAddressNoThrow called
2019-06-13T21:41:13.517865 java.net.InetAddress.isNumeric called
